<?xml version="1.0" encoding="UTF-8"?>
<!-- Generated by org.testng.reporters.JUnitReportReporter -->
<testsuite skipped="0" hostname="DESKTOP-TPGTVM8" name="com.sgtesting.testng.DataProviderDemo" tests="6" failures="0" timestamp="2021-09-16T16:13:00 IST" time="0.362" errors="0">
  <testcase name="launchBrowser" time="0.223" classname="com.sgtesting.testng.DataProviderDemo"/>
  <system-out/>
  <testcase name="navigate" time="0.032" classname="com.sgtesting.testng.DataProviderDemo"/>
  <system-out/>
  <testcase name="login" time="0.012" classname="com.sgtesting.testng.DataProviderDemo"/>
  <system-out/>
  <testcase name="login" time="0.053" classname="com.sgtesting.testng.DataProviderDemo"/>
  <system-out/>
  <testcase name="login" time="0.010" classname="com.sgtesting.testng.DataProviderDemo"/>
  <system-out/>
  <testcase name="closeApplication" time="0.032" classname="com.sgtesting.testng.DataProviderDemo"/>
  <system-out/>
</testsuite> <!-- com.sgtesting.testng.DataProviderDemo -->
