<?xml version="1.0" encoding="UTF-8"?>
<!-- Generated by org.testng.reporters.JUnitReportReporter -->
<testsuite skipped="0" hostname="DESKTOP-TPGTVM8" name="com.sgtesting.testng.ExecutionOrder" tests="2" failures="0" timestamp="2021-09-16T16:01:29 IST" time="0.023" errors="0">
  <testcase name="method1" time="0.017" classname="com.sgtesting.testng.ExecutionOrder"/>
  <system-out/>
  <testcase name="method2" time="0.006" classname="com.sgtesting.testng.ExecutionOrder"/>
  <system-out/>
</testsuite> <!-- com.sgtesting.testng.ExecutionOrder -->
